The system is: Linux - 3.13.0-116-generic - x86_64
Compiling the C compiler identification source file "CMakeCCompilerId.c" succeeded.
Compiler: /usr/bin/cc 
Build flags: 
Id flags: 

The output was:
0


Compilation of the C compiler identification source "CMakeCCompilerId.c" produced "a.out"

The C compiler identification is GNU, found in "/home/sjeddou/devel/pyrene-state-observation/_build/CMakeFiles/2.8.12.2/CompilerIdC/a.out"

Compiling the CXX compiler identification source file "CMakeCXXCompilerId.cpp" succeeded.
Compiler: /usr/bin/c++ 
Build flags: 
Id flags: 

The output was:
0


Compilation of the CXX compiler identification source "CMakeCXXCompilerId.cpp" produced "a.out"

The CXX compiler identification is GNU, found in "/home/sjeddou/devel/pyrene-state-observation/_build/CMakeFiles/2.8.12.2/CompilerIdCXX/a.out"

Determining if the C compiler works passed with the following output:
Change Dir: /home/sjeddou/devel/pyrene-state-observation/_build/CMakeFiles/CMakeTmp

Run Build Command:/usr/bin/make "cmTryCompileExec3271104660/fast"
/usr/bin/make -f CMakeFiles/cmTryCompileExec3271104660.dir/build.make CMakeFiles/cmTryCompileExec3271104660.dir/build
make[1]: entrant dans le répertoire « /home/sjeddou/devel/pyrene-state-observation/_build/CMakeFiles/CMakeTmp »
/usr/bin/cmake -E cmake_progress_report /home/sjeddou/devel/pyrene-state-observation/_build/CMakeFiles/CMakeTmp/CMakeFiles 1
Building C object CMakeFiles/cmTryCompileExec3271104660.dir/testCCompiler.c.o
/usr/bin/cc    -o CMakeFiles/cmTryCompileExec3271104660.dir/testCCompiler.c.o   -c /home/sjeddou/devel/pyrene-state-observation/_build/CMakeFiles/CMakeTmp/testCCompiler.c
Linking C executable cmTryCompileExec3271104660
/usr/bin/cmake -E cmake_link_script CMakeFiles/cmTryCompileExec3271104660.dir/link.txt --verbose=1
/usr/bin/cc       CMakeFiles/cmTryCompileExec3271104660.dir/testCCompiler.c.o  -o cmTryCompileExec3271104660 -rdynamic 
make[1]: quittant le répertoire « /home/sjeddou/devel/pyrene-state-observation/_build/CMakeFiles/CMakeTmp »


Detecting C compiler ABI info compiled with the following output:
Change Dir: /home/sjeddou/devel/pyrene-state-observation/_build/CMakeFiles/CMakeTmp

Run Build Command:/usr/bin/make "cmTryCompileExec933923209/fast"
/usr/bin/make -f CMakeFiles/cmTryCompileExec933923209.dir/build.make CMakeFiles/cmTryCompileExec933923209.dir/build
make[1]: entrant dans le répertoire « /home/sjeddou/devel/pyrene-state-observation/_build/CMakeFiles/CMakeTmp »
/usr/bin/cmake -E cmake_progress_report /home/sjeddou/devel/pyrene-state-observation/_build/CMakeFiles/CMakeTmp/CMakeFiles 1
Building C object CMakeFiles/cmTryCompileExec933923209.dir/CMakeCCompilerABI.c.o
/usr/bin/cc    -o CMakeFiles/cmTryCompileExec933923209.dir/CMakeCCompilerABI.c.o   -c /usr/share/cmake-2.8/Modules/CMakeCCompilerABI.c
Linking C executable cmTryCompileExec933923209
/usr/bin/cmake -E cmake_link_script CMakeFiles/cmTryCompileExec933923209.dir/link.txt --verbose=1
/usr/bin/cc     -v CMakeFiles/cmTryCompileExec933923209.dir/CMakeCCompilerABI.c.o  -o cmTryCompileExec933923209 -rdynamic  
Using built-in specs.
COLLECT_GCC=/usr/bin/cc
COLLECT_LTO_WRAPPER=/usr/lib/gcc/x86_64-linux-gnu/4.8/lto-wrapper
Target: x86_64-linux-gnu
Configured with: ../src/configure -v --with-pkgversion='Ubuntu 4.8.4-2ubuntu1~14.04.3' --with-bugurl=file:///usr/share/doc/gcc-4.8/README.Bugs --enable-languages=c,c++,java,go,d,fortran,objc,obj-c++ --prefix=/usr --program-suffix=-4.8 --enable-shared --enable-linker-build-id --libexecdir=/usr/lib --without-included-gettext --enable-threads=posix --with-gxx-include-dir=/usr/include/c++/4.8 --libdir=/usr/lib --enable-nls --with-sysroot=/ --enable-clocale=gnu --enable-libstdcxx-debug --enable-libstdcxx-time=yes --enable-gnu-unique-object --disable-libmudflap --enable-plugin --with-system-zlib --disable-browser-plugin --enable-java-awt=gtk --enable-gtk-cairo --with-java-home=/usr/lib/jvm/java-1.5.0-gcj-4.8-amd64/jre --enable-java-home --with-jvm-root-dir=/usr/lib/jvm/java-1.5.0-gcj-4.8-amd64 --with-jvm-jar-dir=/usr/lib/jvm-exports/java-1.5.0-gcj-4.8-amd64 --with-arch-directory=amd64 --with-ecj-jar=/usr/share/java/eclipse-ecj.jar --enable-objc-gc --enable-multiarch --disable-werror --with-arch-32=i686 --with-abi=m64 --with-multilib-list=m32,m64,mx32 --with-tune=generic --enable-checking=release --build=x86_64-linux-gnu --host=x86_64-linux-gnu --target=x86_64-linux-gnu
Thread model: posix
gcc version 4.8.4 (Ubuntu 4.8.4-2ubuntu1~14.04.3) 
COMPILER_PATH=/usr/lib/gcc/x86_64-linux-gnu/4.8/:/usr/lib/gcc/x86_64-linux-gnu/4.8/:/usr/lib/gcc/x86_64-linux-gnu/:/usr/lib/gcc/x86_64-linux-gnu/4.8/:/usr/lib/gcc/x86_64-linux-gnu/
LIBRARY_PATH=/usr/lib/gcc/x86_64-linux-gnu/4.8/:/usr/lib/gcc/x86_64-linux-gnu/4.8/../../../x86_64-linux-gnu/:/usr/lib/gcc/x86_64-linux-gnu/4.8/../../../../lib/:/lib/x86_64-linux-gnu/:/lib/../lib/:/usr/lib/x86_64-linux-gnu/:/usr/lib/../lib/:/usr/lib/gcc/x86_64-linux-gnu/4.8/../../../:/lib/:/usr/lib/
COLLECT_GCC_OPTIONS='-v' '-o' 'cmTryCompileExec933923209' '-rdynamic' '-mtune=generic' '-march=x86-64'
 /usr/lib/gcc/x86_64-linux-gnu/4.8/collect2 --sysroot=/ --build-id --eh-frame-hdr -m elf_x86_64 --hash-style=gnu --as-needed -export-dynamic -dynamic-linker /lib64/ld-linux-x86-64.so.2 -z relro -o cmTryCompileExec933923209 /usr/lib/gcc/x86_64-linux-gnu/4.8/../../../x86_64-linux-gnu/crt1.o /usr/lib/gcc/x86_64-linux-gnu/4.8/../../../x86_64-linux-gnu/crti.o /usr/lib/gcc/x86_64-linux-gnu/4.8/crtbegin.o -L/usr/lib/gcc/x86_64-linux-gnu/4.8 -L/usr/lib/gcc/x86_64-linux-gnu/4.8/../../../x86_64-linux-gnu -L/usr/lib/gcc/x86_64-linux-gnu/4.8/../../../../lib -L/lib/x86_64-linux-gnu -L/lib/../lib -L/usr/lib/x86_64-linux-gnu -L/usr/lib/../lib -L/usr/lib/gcc/x86_64-linux-gnu/4.8/../../.. CMakeFiles/cmTryCompileExec933923209.dir/CMakeCCompilerABI.c.o -lgcc --as-needed -lgcc_s --no-as-needed -lc -lgcc --as-needed -lgcc_s --no-as-needed /usr/lib/gcc/x86_64-linux-gnu/4.8/crtend.o /usr/lib/gcc/x86_64-linux-gnu/4.8/../../../x86_64-linux-gnu/crtn.o
make[1]: quittant le répertoire « /home/sjeddou/devel/pyrene-state-observation/_build/CMakeFiles/CMakeTmp »


Parsed C implicit link information from above output:
  link line regex: [^( *|.*[/\])(ld|([^/\]+-)?ld|collect2)[^/\]*( |$)]
  ignore line: [Change Dir: /home/sjeddou/devel/pyrene-state-observation/_build/CMakeFiles/CMakeTmp]
  ignore line: []
  ignore line: [Run Build Command:/usr/bin/make "cmTryCompileExec933923209/fast"]
  ignore line: [/usr/bin/make -f CMakeFiles/cmTryCompileExec933923209.dir/build.make CMakeFiles/cmTryCompileExec933923209.dir/build]
  ignore line: [make[1]: entrant dans le répertoire « /home/sjeddou/devel/pyrene-state-observation/_build/CMakeFiles/CMakeTmp »]
  ignore line: [/usr/bin/cmake -E cmake_progress_report /home/sjeddou/devel/pyrene-state-observation/_build/CMakeFiles/CMakeTmp/CMakeFiles 1]
  ignore line: [Building C object CMakeFiles/cmTryCompileExec933923209.dir/CMakeCCompilerABI.c.o]
  ignore line: [/usr/bin/cc    -o CMakeFiles/cmTryCompileExec933923209.dir/CMakeCCompilerABI.c.o   -c /usr/share/cmake-2.8/Modules/CMakeCCompilerABI.c]
  ignore line: [Linking C executable cmTryCompileExec933923209]
  ignore line: [/usr/bin/cmake -E cmake_link_script CMakeFiles/cmTryCompileExec933923209.dir/link.txt --verbose=1]
  ignore line: [/usr/bin/cc     -v CMakeFiles/cmTryCompileExec933923209.dir/CMakeCCompilerABI.c.o  -o cmTryCompileExec933923209 -rdynamic  ]
  ignore line: [Using built-in specs.]
  ignore line: [COLLECT_GCC=/usr/bin/cc]
  ignore line: [COLLECT_LTO_WRAPPER=/usr/lib/gcc/x86_64-linux-gnu/4.8/lto-wrapper]
  ignore line: [Target: x86_64-linux-gnu]
  ignore line: [Configured with: ../src/configure -v --with-pkgversion='Ubuntu 4.8.4-2ubuntu1~14.04.3' --with-bugurl=file:///usr/share/doc/gcc-4.8/README.Bugs --enable-languages=c,c++,java,go,d,fortran,objc,obj-c++ --prefix=/usr --program-suffix=-4.8 --enable-shared --enable-linker-build-id --libexecdir=/usr/lib --without-included-gettext --enable-threads=posix --with-gxx-include-dir=/usr/include/c++/4.8 --libdir=/usr/lib --enable-nls --with-sysroot=/ --enable-clocale=gnu --enable-libstdcxx-debug --enable-libstdcxx-time=yes --enable-gnu-unique-object --disable-libmudflap --enable-plugin --with-system-zlib --disable-browser-plugin --enable-java-awt=gtk --enable-gtk-cairo --with-java-home=/usr/lib/jvm/java-1.5.0-gcj-4.8-amd64/jre --enable-java-home --with-jvm-root-dir=/usr/lib/jvm/java-1.5.0-gcj-4.8-amd64 --with-jvm-jar-dir=/usr/lib/jvm-exports/java-1.5.0-gcj-4.8-amd64 --with-arch-directory=amd64 --with-ecj-jar=/usr/share/java/eclipse-ecj.jar --enable-objc-gc --enable-multiarch --disable-werror --with-arch-32=i686 --with-abi=m64 --with-multilib-list=m32,m64,mx32 --with-tune=generic --enable-checking=release --build=x86_64-linux-gnu --host=x86_64-linux-gnu --target=x86_64-linux-gnu]
  ignore line: [Thread model: posix]
  ignore line: [gcc version 4.8.4 (Ubuntu 4.8.4-2ubuntu1~14.04.3) ]
  ignore line: [COMPILER_PATH=/usr/lib/gcc/x86_64-linux-gnu/4.8/:/usr/lib/gcc/x86_64-linux-gnu/4.8/:/usr/lib/gcc/x86_64-linux-gnu/:/usr/lib/gcc/x86_64-linux-gnu/4.8/:/usr/lib/gcc/x86_64-linux-gnu/]
  ignore line: [LIBRARY_PATH=/usr/lib/gcc/x86_64-linux-gnu/4.8/:/usr/lib/gcc/x86_64-linux-gnu/4.8/../../../x86_64-linux-gnu/:/usr/lib/gcc/x86_64-linux-gnu/4.8/../../../../lib/:/lib/x86_64-linux-gnu/:/lib/../lib/:/usr/lib/x86_64-linux-gnu/:/usr/lib/../lib/:/usr/lib/gcc/x86_64-linux-gnu/4.8/../../../:/lib/:/usr/lib/]
  ignore line: [COLLECT_GCC_OPTIONS='-v' '-o' 'cmTryCompileExec933923209' '-rdynamic' '-mtune=generic' '-march=x86-64']
  link line: [ /usr/lib/gcc/x86_64-linux-gnu/4.8/collect2 --sysroot=/ --build-id --eh-frame-hdr -m elf_x86_64 --hash-style=gnu --as-needed -export-dynamic -dynamic-linker /lib64/ld-linux-x86-64.so.2 -z relro -o cmTryCompileExec933923209 /usr/lib/gcc/x86_64-linux-gnu/4.8/../../../x86_64-linux-gnu/crt1.o /usr/lib/gcc/x86_64-linux-gnu/4.8/../../../x86_64-linux-gnu/crti.o /usr/lib/gcc/x86_64-linux-gnu/4.8/crtbegin.o -L/usr/lib/gcc/x86_64-linux-gnu/4.8 -L/usr/lib/gcc/x86_64-linux-gnu/4.8/../../../x86_64-linux-gnu -L/usr/lib/gcc/x86_64-linux-gnu/4.8/../../../../lib -L/lib/x86_64-linux-gnu -L/lib/../lib -L/usr/lib/x86_64-linux-gnu -L/usr/lib/../lib -L/usr/lib/gcc/x86_64-linux-gnu/4.8/../../.. CMakeFiles/cmTryCompileExec933923209.dir/CMakeCCompilerABI.c.o -lgcc --as-needed -lgcc_s --no-as-needed -lc -lgcc --as-needed -lgcc_s --no-as-needed /usr/lib/gcc/x86_64-linux-gnu/4.8/crtend.o /usr/lib/gcc/x86_64-linux-gnu/4.8/../../../x86_64-linux-gnu/crtn.o]
    arg [/usr/lib/gcc/x86_64-linux-gnu/4.8/collect2] ==> ignore
    arg [--sysroot=/] ==> ignore
    arg [--build-id] ==> ignore
    arg [--eh-frame-hdr] ==> ignore
    arg [-m] ==> ignore
    arg [elf_x86_64] ==> ignore
    arg [--hash-style=gnu] ==> ignore
    arg [--as-needed] ==> ignore
    arg [-export-dynamic] ==> ignore
    arg [-dynamic-linker] ==> ignore
    arg [/lib64/ld-linux-x86-64.so.2] ==> ignore
    arg [-zrelro] ==> ignore
    arg [-o] ==> ignore
    arg [cmTryCompileExec933923209] ==> ignore
    arg [/usr/lib/gcc/x86_64-linux-gnu/4.8/../../../x86_64-linux-gnu/crt1.o] ==> ignore
    arg [/usr/lib/gcc/x86_64-linux-gnu/4.8/../../../x86_64-linux-gnu/crti.o] ==> ignore
    arg [/usr/lib/gcc/x86_64-linux-gnu/4.8/crtbegin.o] ==> ignore
    arg [-L/usr/lib/gcc/x86_64-linux-gnu/4.8] ==> dir [/usr/lib/gcc/x86_64-linux-gnu/4.8]
    arg [-L/usr/lib/gcc/x86_64-linux-gnu/4.8/../../../x86_64-linux-gnu] ==> dir [/usr/lib/gcc/x86_64-linux-gnu/4.8/../../../x86_64-linux-gnu]
    arg [-L/usr/lib/gcc/x86_64-linux-gnu/4.8/../../../../lib] ==> dir [/usr/lib/gcc/x86_64-linux-gnu/4.8/../../../../lib]
    arg [-L/lib/x86_64-linux-gnu] ==> dir [/lib/x86_64-linux-gnu]
    arg [-L/lib/../lib] ==> dir [/lib/../lib]
    arg [-L/usr/lib/x86_64-linux-gnu] ==> dir [/usr/lib/x86_64-linux-gnu]
    arg [-L/usr/lib/../lib] ==> dir [/usr/lib/../lib]
    arg [-L/usr/lib/gcc/x86_64-linux-gnu/4.8/../../..] ==> dir [/usr/lib/gcc/x86_64-linux-gnu/4.8/../../..]
    arg [CMakeFiles/cmTryCompileExec933923209.dir/CMakeCCompilerABI.c.o] ==> ignore
    arg [-lgcc] ==> lib [gcc]
    arg [--as-needed] ==> ignore
    arg [-lgcc_s] ==> lib [gcc_s]
    arg [--no-as-needed] ==> ignore
    arg [-lc] ==> lib [c]
    arg [-lgcc] ==> lib [gcc]
    arg [--as-needed] ==> ignore
    arg [-lgcc_s] ==> lib [gcc_s]
    arg [--no-as-needed] ==> ignore
    arg [/usr/lib/gcc/x86_64-linux-gnu/4.8/crtend.o] ==> ignore
    arg [/usr/lib/gcc/x86_64-linux-gnu/4.8/../../../x86_64-linux-gnu/crtn.o] ==> ignore
  remove lib [gcc]
  remove lib [gcc_s]
  remove lib [gcc]
  remove lib [gcc_s]
  collapse library dir [/usr/lib/gcc/x86_64-linux-gnu/4.8] ==> [/usr/lib/gcc/x86_64-linux-gnu/4.8]
  collapse library dir [/usr/lib/gcc/x86_64-linux-gnu/4.8/../../../x86_64-linux-gnu] ==> [/usr/lib/x86_64-linux-gnu]
  collapse library dir [/usr/lib/gcc/x86_64-linux-gnu/4.8/../../../../lib] ==> [/usr/lib]
  collapse library dir [/lib/x86_64-linux-gnu] ==> [/lib/x86_64-linux-gnu]
  collapse library dir [/lib/../lib] ==> [/lib]
  collapse library dir [/usr/lib/x86_64-linux-gnu] ==> [/usr/lib/x86_64-linux-gnu]
  collapse library dir [/usr/lib/../lib] ==> [/usr/lib]
  collapse library dir [/usr/lib/gcc/x86_64-linux-gnu/4.8/../../..] ==> [/usr/lib]
  implicit libs: [c]
  implicit dirs: [/usr/lib/gcc/x86_64-linux-gnu/4.8;/usr/lib/x86_64-linux-gnu;/usr/lib;/lib/x86_64-linux-gnu;/lib]
  implicit fwks: []


Determining if the CXX compiler works passed with the following output:
Change Dir: /home/sjeddou/devel/pyrene-state-observation/_build/CMakeFiles/CMakeTmp

Run Build Command:/usr/bin/make "cmTryCompileExec708492583/fast"
/usr/bin/make -f CMakeFiles/cmTryCompileExec708492583.dir/build.make CMakeFiles/cmTryCompileExec708492583.dir/build
make[1]: entrant dans le répertoire « /home/sjeddou/devel/pyrene-state-observation/_build/CMakeFiles/CMakeTmp »
/usr/bin/cmake -E cmake_progress_report /home/sjeddou/devel/pyrene-state-observation/_build/CMakeFiles/CMakeTmp/CMakeFiles 1
Building CXX object CMakeFiles/cmTryCompileExec708492583.dir/testCXXCompiler.cxx.o
/usr/bin/c++     -o CMakeFiles/cmTryCompileExec708492583.dir/testCXXCompiler.cxx.o -c /home/sjeddou/devel/pyrene-state-observation/_build/CMakeFiles/CMakeTmp/testCXXCompiler.cxx
Linking CXX executable cmTryCompileExec708492583
/usr/bin/cmake -E cmake_link_script CMakeFiles/cmTryCompileExec708492583.dir/link.txt --verbose=1
/usr/bin/c++        CMakeFiles/cmTryCompileExec708492583.dir/testCXXCompiler.cxx.o  -o cmTryCompileExec708492583 -rdynamic 
make[1]: quittant le répertoire « /home/sjeddou/devel/pyrene-state-observation/_build/CMakeFiles/CMakeTmp »


Detecting CXX compiler ABI info compiled with the following output:
Change Dir: /home/sjeddou/devel/pyrene-state-observation/_build/CMakeFiles/CMakeTmp

Run Build Command:/usr/bin/make "cmTryCompileExec2842288846/fast"
/usr/bin/make -f CMakeFiles/cmTryCompileExec2842288846.dir/build.make CMakeFiles/cmTryCompileExec2842288846.dir/build
make[1]: entrant dans le répertoire « /home/sjeddou/devel/pyrene-state-observation/_build/CMakeFiles/CMakeTmp »
/usr/bin/cmake -E cmake_progress_report /home/sjeddou/devel/pyrene-state-observation/_build/CMakeFiles/CMakeTmp/CMakeFiles 1
Building CXX object CMakeFiles/cmTryCompileExec2842288846.dir/CMakeCXXCompilerABI.cpp.o
/usr/bin/c++     -o CMakeFiles/cmTryCompileExec2842288846.dir/CMakeCXXCompilerABI.cpp.o -c /usr/share/cmake-2.8/Modules/CMakeCXXCompilerABI.cpp
Linking CXX executable cmTryCompileExec2842288846
/usr/bin/cmake -E cmake_link_script CMakeFiles/cmTryCompileExec2842288846.dir/link.txt --verbose=1
/usr/bin/c++      -v CMakeFiles/cmTryCompileExec2842288846.dir/CMakeCXXCompilerABI.cpp.o  -o cmTryCompileExec2842288846 -rdynamic  
Using built-in specs.
COLLECT_GCC=/usr/bin/c++
COLLECT_LTO_WRAPPER=/usr/lib/gcc/x86_64-linux-gnu/4.8/lto-wrapper
Target: x86_64-linux-gnu
Configured with: ../src/configure -v --with-pkgversion='Ubuntu 4.8.4-2ubuntu1~14.04.3' --with-bugurl=file:///usr/share/doc/gcc-4.8/README.Bugs --enable-languages=c,c++,java,go,d,fortran,objc,obj-c++ --prefix=/usr --program-suffix=-4.8 --enable-shared --enable-linker-build-id --libexecdir=/usr/lib --without-included-gettext --enable-threads=posix --with-gxx-include-dir=/usr/include/c++/4.8 --libdir=/usr/lib --enable-nls --with-sysroot=/ --enable-clocale=gnu --enable-libstdcxx-debug --enable-libstdcxx-time=yes --enable-gnu-unique-object --disable-libmudflap --enable-plugin --with-system-zlib --disable-browser-plugin --enable-java-awt=gtk --enable-gtk-cairo --with-java-home=/usr/lib/jvm/java-1.5.0-gcj-4.8-amd64/jre --enable-java-home --with-jvm-root-dir=/usr/lib/jvm/java-1.5.0-gcj-4.8-amd64 --with-jvm-jar-dir=/usr/lib/jvm-exports/java-1.5.0-gcj-4.8-amd64 --with-arch-directory=amd64 --with-ecj-jar=/usr/share/java/eclipse-ecj.jar --enable-objc-gc --enable-multiarch --disable-werror --with-arch-32=i686 --with-abi=m64 --with-multilib-list=m32,m64,mx32 --with-tune=generic --enable-checking=release --build=x86_64-linux-gnu --host=x86_64-linux-gnu --target=x86_64-linux-gnu
Thread model: posix
gcc version 4.8.4 (Ubuntu 4.8.4-2ubuntu1~14.04.3) 
COMPILER_PATH=/usr/lib/gcc/x86_64-linux-gnu/4.8/:/usr/lib/gcc/x86_64-linux-gnu/4.8/:/usr/lib/gcc/x86_64-linux-gnu/:/usr/lib/gcc/x86_64-linux-gnu/4.8/:/usr/lib/gcc/x86_64-linux-gnu/
LIBRARY_PATH=/usr/lib/gcc/x86_64-linux-gnu/4.8/:/usr/lib/gcc/x86_64-linux-gnu/4.8/../../../x86_64-linux-gnu/:/usr/lib/gcc/x86_64-linux-gnu/4.8/../../../../lib/:/lib/x86_64-linux-gnu/:/lib/../lib/:/usr/lib/x86_64-linux-gnu/:/usr/lib/../lib/:/usr/lib/gcc/x86_64-linux-gnu/4.8/../../../:/lib/:/usr/lib/
COLLECT_GCC_OPTIONS='-v' '-o' 'cmTryCompileExec2842288846' '-rdynamic' '-shared-libgcc' '-mtune=generic' '-march=x86-64'
 /usr/lib/gcc/x86_64-linux-gnu/4.8/collect2 --sysroot=/ --build-id --eh-frame-hdr -m elf_x86_64 --hash-style=gnu --as-needed -export-dynamic -dynamic-linker /lib64/ld-linux-x86-64.so.2 -z relro -o cmTryCompileExec2842288846 /usr/lib/gcc/x86_64-linux-gnu/4.8/../../../x86_64-linux-gnu/crt1.o /usr/lib/gcc/x86_64-linux-gnu/4.8/../../../x86_64-linux-gnu/crti.o /usr/lib/gcc/x86_64-linux-gnu/4.8/crtbegin.o -L/usr/lib/gcc/x86_64-linux-gnu/4.8 -L/usr/lib/gcc/x86_64-linux-gnu/4.8/../../../x86_64-linux-gnu -L/usr/lib/gcc/x86_64-linux-gnu/4.8/../../../../lib -L/lib/x86_64-linux-gnu -L/lib/../lib -L/usr/lib/x86_64-linux-gnu -L/usr/lib/../lib -L/usr/lib/gcc/x86_64-linux-gnu/4.8/../../.. CMakeFiles/cmTryCompileExec2842288846.dir/CMakeCXXCompilerABI.cpp.o -lstdc++ -lm -lgcc_s -lgcc -lc -lgcc_s -lgcc /usr/lib/gcc/x86_64-linux-gnu/4.8/crtend.o /usr/lib/gcc/x86_64-linux-gnu/4.8/../../../x86_64-linux-gnu/crtn.o
make[1]: quittant le répertoire « /home/sjeddou/devel/pyrene-state-observation/_build/CMakeFiles/CMakeTmp »


Parsed CXX implicit link information from above output:
  link line regex: [^( *|.*[/\])(ld|([^/\]+-)?ld|collect2)[^/\]*( |$)]
  ignore line: [Change Dir: /home/sjeddou/devel/pyrene-state-observation/_build/CMakeFiles/CMakeTmp]
  ignore line: []
  ignore line: [Run Build Command:/usr/bin/make "cmTryCompileExec2842288846/fast"]
  ignore line: [/usr/bin/make -f CMakeFiles/cmTryCompileExec2842288846.dir/build.make CMakeFiles/cmTryCompileExec2842288846.dir/build]
  ignore line: [make[1]: entrant dans le répertoire « /home/sjeddou/devel/pyrene-state-observation/_build/CMakeFiles/CMakeTmp »]
  ignore line: [/usr/bin/cmake -E cmake_progress_report /home/sjeddou/devel/pyrene-state-observation/_build/CMakeFiles/CMakeTmp/CMakeFiles 1]
  ignore line: [Building CXX object CMakeFiles/cmTryCompileExec2842288846.dir/CMakeCXXCompilerABI.cpp.o]
  ignore line: [/usr/bin/c++     -o CMakeFiles/cmTryCompileExec2842288846.dir/CMakeCXXCompilerABI.cpp.o -c /usr/share/cmake-2.8/Modules/CMakeCXXCompilerABI.cpp]
  ignore line: [Linking CXX executable cmTryCompileExec2842288846]
  ignore line: [/usr/bin/cmake -E cmake_link_script CMakeFiles/cmTryCompileExec2842288846.dir/link.txt --verbose=1]
  ignore line: [/usr/bin/c++      -v CMakeFiles/cmTryCompileExec2842288846.dir/CMakeCXXCompilerABI.cpp.o  -o cmTryCompileExec2842288846 -rdynamic  ]
  ignore line: [Using built-in specs.]
  ignore line: [COLLECT_GCC=/usr/bin/c++]
  ignore line: [COLLECT_LTO_WRAPPER=/usr/lib/gcc/x86_64-linux-gnu/4.8/lto-wrapper]
  ignore line: [Target: x86_64-linux-gnu]
  ignore line: [Configured with: ../src/configure -v --with-pkgversion='Ubuntu 4.8.4-2ubuntu1~14.04.3' --with-bugurl=file:///usr/share/doc/gcc-4.8/README.Bugs --enable-languages=c,c++,java,go,d,fortran,objc,obj-c++ --prefix=/usr --program-suffix=-4.8 --enable-shared --enable-linker-build-id --libexecdir=/usr/lib --without-included-gettext --enable-threads=posix --with-gxx-include-dir=/usr/include/c++/4.8 --libdir=/usr/lib --enable-nls --with-sysroot=/ --enable-clocale=gnu --enable-libstdcxx-debug --enable-libstdcxx-time=yes --enable-gnu-unique-object --disable-libmudflap --enable-plugin --with-system-zlib --disable-browser-plugin --enable-java-awt=gtk --enable-gtk-cairo --with-java-home=/usr/lib/jvm/java-1.5.0-gcj-4.8-amd64/jre --enable-java-home --with-jvm-root-dir=/usr/lib/jvm/java-1.5.0-gcj-4.8-amd64 --with-jvm-jar-dir=/usr/lib/jvm-exports/java-1.5.0-gcj-4.8-amd64 --with-arch-directory=amd64 --with-ecj-jar=/usr/share/java/eclipse-ecj.jar --enable-objc-gc --enable-multiarch --disable-werror --with-arch-32=i686 --with-abi=m64 --with-multilib-list=m32,m64,mx32 --with-tune=generic --enable-checking=release --build=x86_64-linux-gnu --host=x86_64-linux-gnu --target=x86_64-linux-gnu]
  ignore line: [Thread model: posix]
  ignore line: [gcc version 4.8.4 (Ubuntu 4.8.4-2ubuntu1~14.04.3) ]
  ignore line: [COMPILER_PATH=/usr/lib/gcc/x86_64-linux-gnu/4.8/:/usr/lib/gcc/x86_64-linux-gnu/4.8/:/usr/lib/gcc/x86_64-linux-gnu/:/usr/lib/gcc/x86_64-linux-gnu/4.8/:/usr/lib/gcc/x86_64-linux-gnu/]
  ignore line: [LIBRARY_PATH=/usr/lib/gcc/x86_64-linux-gnu/4.8/:/usr/lib/gcc/x86_64-linux-gnu/4.8/../../../x86_64-linux-gnu/:/usr/lib/gcc/x86_64-linux-gnu/4.8/../../../../lib/:/lib/x86_64-linux-gnu/:/lib/../lib/:/usr/lib/x86_64-linux-gnu/:/usr/lib/../lib/:/usr/lib/gcc/x86_64-linux-gnu/4.8/../../../:/lib/:/usr/lib/]
  ignore line: [COLLECT_GCC_OPTIONS='-v' '-o' 'cmTryCompileExec2842288846' '-rdynamic' '-shared-libgcc' '-mtune=generic' '-march=x86-64']
  link line: [ /usr/lib/gcc/x86_64-linux-gnu/4.8/collect2 --sysroot=/ --build-id --eh-frame-hdr -m elf_x86_64 --hash-style=gnu --as-needed -export-dynamic -dynamic-linker /lib64/ld-linux-x86-64.so.2 -z relro -o cmTryCompileExec2842288846 /usr/lib/gcc/x86_64-linux-gnu/4.8/../../../x86_64-linux-gnu/crt1.o /usr/lib/gcc/x86_64-linux-gnu/4.8/../../../x86_64-linux-gnu/crti.o /usr/lib/gcc/x86_64-linux-gnu/4.8/crtbegin.o -L/usr/lib/gcc/x86_64-linux-gnu/4.8 -L/usr/lib/gcc/x86_64-linux-gnu/4.8/../../../x86_64-linux-gnu -L/usr/lib/gcc/x86_64-linux-gnu/4.8/../../../../lib -L/lib/x86_64-linux-gnu -L/lib/../lib -L/usr/lib/x86_64-linux-gnu -L/usr/lib/../lib -L/usr/lib/gcc/x86_64-linux-gnu/4.8/../../.. CMakeFiles/cmTryCompileExec2842288846.dir/CMakeCXXCompilerABI.cpp.o -lstdc++ -lm -lgcc_s -lgcc -lc -lgcc_s -lgcc /usr/lib/gcc/x86_64-linux-gnu/4.8/crtend.o /usr/lib/gcc/x86_64-linux-gnu/4.8/../../../x86_64-linux-gnu/crtn.o]
    arg [/usr/lib/gcc/x86_64-linux-gnu/4.8/collect2] ==> ignore
    arg [--sysroot=/] ==> ignore
    arg [--build-id] ==> ignore
    arg [--eh-frame-hdr] ==> ignore
    arg [-m] ==> ignore
    arg [elf_x86_64] ==> ignore
    arg [--hash-style=gnu] ==> ignore
    arg [--as-needed] ==> ignore
    arg [-export-dynamic] ==> ignore
    arg [-dynamic-linker] ==> ignore
    arg [/lib64/ld-linux-x86-64.so.2] ==> ignore
    arg [-zrelro] ==> ignore
    arg [-o] ==> ignore
    arg [cmTryCompileExec2842288846] ==> ignore
    arg [/usr/lib/gcc/x86_64-linux-gnu/4.8/../../../x86_64-linux-gnu/crt1.o] ==> ignore
    arg [/usr/lib/gcc/x86_64-linux-gnu/4.8/../../../x86_64-linux-gnu/crti.o] ==> ignore
    arg [/usr/lib/gcc/x86_64-linux-gnu/4.8/crtbegin.o] ==> ignore
    arg [-L/usr/lib/gcc/x86_64-linux-gnu/4.8] ==> dir [/usr/lib/gcc/x86_64-linux-gnu/4.8]
    arg [-L/usr/lib/gcc/x86_64-linux-gnu/4.8/../../../x86_64-linux-gnu] ==> dir [/usr/lib/gcc/x86_64-linux-gnu/4.8/../../../x86_64-linux-gnu]
    arg [-L/usr/lib/gcc/x86_64-linux-gnu/4.8/../../../../lib] ==> dir [/usr/lib/gcc/x86_64-linux-gnu/4.8/../../../../lib]
    arg [-L/lib/x86_64-linux-gnu] ==> dir [/lib/x86_64-linux-gnu]
    arg [-L/lib/../lib] ==> dir [/lib/../lib]
    arg [-L/usr/lib/x86_64-linux-gnu] ==> dir [/usr/lib/x86_64-linux-gnu]
    arg [-L/usr/lib/../lib] ==> dir [/usr/lib/../lib]
    arg [-L/usr/lib/gcc/x86_64-linux-gnu/4.8/../../..] ==> dir [/usr/lib/gcc/x86_64-linux-gnu/4.8/../../..]
    arg [CMakeFiles/cmTryCompileExec2842288846.dir/CMakeCXXCompilerABI.cpp.o] ==> ignore
    arg [-lstdc++] ==> lib [stdc++]
    arg [-lm] ==> lib [m]
    arg [-lgcc_s] ==> lib [gcc_s]
    arg [-lgcc] ==> lib [gcc]
    arg [-lc] ==> lib [c]
    arg [-lgcc_s] ==> lib [gcc_s]
    arg [-lgcc] ==> lib [gcc]
    arg [/usr/lib/gcc/x86_64-linux-gnu/4.8/crtend.o] ==> ignore
    arg [/usr/lib/gcc/x86_64-linux-gnu/4.8/../../../x86_64-linux-gnu/crtn.o] ==> ignore
  remove lib [gcc_s]
  remove lib [gcc]
  remove lib [gcc_s]
  remove lib [gcc]
  collapse library dir [/usr/lib/gcc/x86_64-linux-gnu/4.8] ==> [/usr/lib/gcc/x86_64-linux-gnu/4.8]
  collapse library dir [/usr/lib/gcc/x86_64-linux-gnu/4.8/../../../x86_64-linux-gnu] ==> [/usr/lib/x86_64-linux-gnu]
  collapse library dir [/usr/lib/gcc/x86_64-linux-gnu/4.8/../../../../lib] ==> [/usr/lib]
  collapse library dir [/lib/x86_64-linux-gnu] ==> [/lib/x86_64-linux-gnu]
  collapse library dir [/lib/../lib] ==> [/lib]
  collapse library dir [/usr/lib/x86_64-linux-gnu] ==> [/usr/lib/x86_64-linux-gnu]
  collapse library dir [/usr/lib/../lib] ==> [/usr/lib]
  collapse library dir [/usr/lib/gcc/x86_64-linux-gnu/4.8/../../..] ==> [/usr/lib]
  implicit libs: [stdc++;m;c]
  implicit dirs: [/usr/lib/gcc/x86_64-linux-gnu/4.8;/usr/lib/x86_64-linux-gnu;/usr/lib;/lib/x86_64-linux-gnu;/lib]
  implicit fwks: []


Performing C++ SOURCE FILE Test R-pedantic succeded with the following output:
Change Dir: /home/sjeddou/devel/pyrene-state-observation/_build/CMakeFiles/CMakeTmp

Run Build Command:/usr/bin/make "cmTryCompileExec3041663401/fast"
/usr/bin/make -f CMakeFiles/cmTryCompileExec3041663401.dir/build.make CMakeFiles/cmTryCompileExec3041663401.dir/build
make[1]: Entering directory `/home/sjeddou/devel/pyrene-state-observation/_build/CMakeFiles/CMakeTmp'
/usr/bin/cmake -E cmake_progress_report /home/sjeddou/devel/pyrene-state-observation/_build/CMakeFiles/CMakeTmp/CMakeFiles 1
Building CXX object CMakeFiles/cmTryCompileExec3041663401.dir/src.cxx.o
/usr/bin/c++    -DR-pedantic   -pedantic -o CMakeFiles/cmTryCompileExec3041663401.dir/src.cxx.o -c /home/sjeddou/devel/pyrene-state-observation/_build/CMakeFiles/CMakeTmp/src.cxx
<command-line>:0:2: warning: missing whitespace after the macro name [enabled by default]
Linking CXX executable cmTryCompileExec3041663401
/usr/bin/cmake -E cmake_link_script CMakeFiles/cmTryCompileExec3041663401.dir/link.txt --verbose=1
/usr/bin/c++    -DR-pedantic    CMakeFiles/cmTryCompileExec3041663401.dir/src.cxx.o  -o cmTryCompileExec3041663401 -rdynamic 
make[1]: Leaving directory `/home/sjeddou/devel/pyrene-state-observation/_build/CMakeFiles/CMakeTmp'

Source file was:
int main() { return 0;}
Performing C++ SOURCE FILE Test R-Wno-long-long succeded with the following output:
Change Dir: /home/sjeddou/devel/pyrene-state-observation/_build/CMakeFiles/CMakeTmp

Run Build Command:/usr/bin/make "cmTryCompileExec1430955170/fast"
/usr/bin/make -f CMakeFiles/cmTryCompileExec1430955170.dir/build.make CMakeFiles/cmTryCompileExec1430955170.dir/build
make[1]: Entering directory `/home/sjeddou/devel/pyrene-state-observation/_build/CMakeFiles/CMakeTmp'
/usr/bin/cmake -E cmake_progress_report /home/sjeddou/devel/pyrene-state-observation/_build/CMakeFiles/CMakeTmp/CMakeFiles 1
Building CXX object CMakeFiles/cmTryCompileExec1430955170.dir/src.cxx.o
/usr/bin/c++    -DR-Wno-long-long   -Wno-long-long -o CMakeFiles/cmTryCompileExec1430955170.dir/src.cxx.o -c /home/sjeddou/devel/pyrene-state-observation/_build/CMakeFiles/CMakeTmp/src.cxx
<command-line>:0:2: warning: missing whitespace after the macro name [enabled by default]
Linking CXX executable cmTryCompileExec1430955170
/usr/bin/cmake -E cmake_link_script CMakeFiles/cmTryCompileExec1430955170.dir/link.txt --verbose=1
/usr/bin/c++    -DR-Wno-long-long    CMakeFiles/cmTryCompileExec1430955170.dir/src.cxx.o  -o cmTryCompileExec1430955170 -rdynamic 
make[1]: Leaving directory `/home/sjeddou/devel/pyrene-state-observation/_build/CMakeFiles/CMakeTmp'

Source file was:
int main() { return 0;}
Performing C++ SOURCE FILE Test R-Wall succeded with the following output:
Change Dir: /home/sjeddou/devel/pyrene-state-observation/_build/CMakeFiles/CMakeTmp

Run Build Command:/usr/bin/make "cmTryCompileExec3619075855/fast"
/usr/bin/make -f CMakeFiles/cmTryCompileExec3619075855.dir/build.make CMakeFiles/cmTryCompileExec3619075855.dir/build
make[1]: Entering directory `/home/sjeddou/devel/pyrene-state-observation/_build/CMakeFiles/CMakeTmp'
/usr/bin/cmake -E cmake_progress_report /home/sjeddou/devel/pyrene-state-observation/_build/CMakeFiles/CMakeTmp/CMakeFiles 1
Building CXX object CMakeFiles/cmTryCompileExec3619075855.dir/src.cxx.o
/usr/bin/c++    -DR-Wall   -Wall -o CMakeFiles/cmTryCompileExec3619075855.dir/src.cxx.o -c /home/sjeddou/devel/pyrene-state-observation/_build/CMakeFiles/CMakeTmp/src.cxx
<command-line>:0:2: warning: missing whitespace after the macro name [enabled by default]
Linking CXX executable cmTryCompileExec3619075855
/usr/bin/cmake -E cmake_link_script CMakeFiles/cmTryCompileExec3619075855.dir/link.txt --verbose=1
/usr/bin/c++    -DR-Wall    CMakeFiles/cmTryCompileExec3619075855.dir/src.cxx.o  -o cmTryCompileExec3619075855 -rdynamic 
make[1]: Leaving directory `/home/sjeddou/devel/pyrene-state-observation/_build/CMakeFiles/CMakeTmp'

Source file was:
int main() { return 0;}
Performing C++ SOURCE FILE Test R-Wextra succeded with the following output:
Change Dir: /home/sjeddou/devel/pyrene-state-observation/_build/CMakeFiles/CMakeTmp

Run Build Command:/usr/bin/make "cmTryCompileExec2633617671/fast"
/usr/bin/make -f CMakeFiles/cmTryCompileExec2633617671.dir/build.make CMakeFiles/cmTryCompileExec2633617671.dir/build
make[1]: Entering directory `/home/sjeddou/devel/pyrene-state-observation/_build/CMakeFiles/CMakeTmp'
/usr/bin/cmake -E cmake_progress_report /home/sjeddou/devel/pyrene-state-observation/_build/CMakeFiles/CMakeTmp/CMakeFiles 1
Building CXX object CMakeFiles/cmTryCompileExec2633617671.dir/src.cxx.o
/usr/bin/c++    -DR-Wextra   -Wextra -o CMakeFiles/cmTryCompileExec2633617671.dir/src.cxx.o -c /home/sjeddou/devel/pyrene-state-observation/_build/CMakeFiles/CMakeTmp/src.cxx
<command-line>:0:2: warning: missing whitespace after the macro name [enabled by default]
Linking CXX executable cmTryCompileExec2633617671
/usr/bin/cmake -E cmake_link_script CMakeFiles/cmTryCompileExec2633617671.dir/link.txt --verbose=1
/usr/bin/c++    -DR-Wextra    CMakeFiles/cmTryCompileExec2633617671.dir/src.cxx.o  -o cmTryCompileExec2633617671 -rdynamic 
make[1]: Leaving directory `/home/sjeddou/devel/pyrene-state-observation/_build/CMakeFiles/CMakeTmp'

Source file was:
int main() { return 0;}
Performing C++ SOURCE FILE Test R-Wcast-align succeded with the following output:
Change Dir: /home/sjeddou/devel/pyrene-state-observation/_build/CMakeFiles/CMakeTmp

Run Build Command:/usr/bin/make "cmTryCompileExec589028298/fast"
/usr/bin/make -f CMakeFiles/cmTryCompileExec589028298.dir/build.make CMakeFiles/cmTryCompileExec589028298.dir/build
make[1]: Entering directory `/home/sjeddou/devel/pyrene-state-observation/_build/CMakeFiles/CMakeTmp'
/usr/bin/cmake -E cmake_progress_report /home/sjeddou/devel/pyrene-state-observation/_build/CMakeFiles/CMakeTmp/CMakeFiles 1
Building CXX object CMakeFiles/cmTryCompileExec589028298.dir/src.cxx.o
/usr/bin/c++    -DR-Wcast-align   -Wcast-align -o CMakeFiles/cmTryCompileExec589028298.dir/src.cxx.o -c /home/sjeddou/devel/pyrene-state-observation/_build/CMakeFiles/CMakeTmp/src.cxx
<command-line>:0:2: warning: missing whitespace after the macro name [enabled by default]
Linking CXX executable cmTryCompileExec589028298
/usr/bin/cmake -E cmake_link_script CMakeFiles/cmTryCompileExec589028298.dir/link.txt --verbose=1
/usr/bin/c++    -DR-Wcast-align    CMakeFiles/cmTryCompileExec589028298.dir/src.cxx.o  -o cmTryCompileExec589028298 -rdynamic 
make[1]: Leaving directory `/home/sjeddou/devel/pyrene-state-observation/_build/CMakeFiles/CMakeTmp'

Source file was:
int main() { return 0;}
Performing C++ SOURCE FILE Test R-Wcast-qual succeded with the following output:
Change Dir: /home/sjeddou/devel/pyrene-state-observation/_build/CMakeFiles/CMakeTmp

Run Build Command:/usr/bin/make "cmTryCompileExec3904522051/fast"
/usr/bin/make -f CMakeFiles/cmTryCompileExec3904522051.dir/build.make CMakeFiles/cmTryCompileExec3904522051.dir/build
make[1]: Entering directory `/home/sjeddou/devel/pyrene-state-observation/_build/CMakeFiles/CMakeTmp'
/usr/bin/cmake -E cmake_progress_report /home/sjeddou/devel/pyrene-state-observation/_build/CMakeFiles/CMakeTmp/CMakeFiles 1
Building CXX object CMakeFiles/cmTryCompileExec3904522051.dir/src.cxx.o
/usr/bin/c++    -DR-Wcast-qual   -Wcast-qual -o CMakeFiles/cmTryCompileExec3904522051.dir/src.cxx.o -c /home/sjeddou/devel/pyrene-state-observation/_build/CMakeFiles/CMakeTmp/src.cxx
<command-line>:0:2: warning: missing whitespace after the macro name [enabled by default]
Linking CXX executable cmTryCompileExec3904522051
/usr/bin/cmake -E cmake_link_script CMakeFiles/cmTryCompileExec3904522051.dir/link.txt --verbose=1
/usr/bin/c++    -DR-Wcast-qual    CMakeFiles/cmTryCompileExec3904522051.dir/src.cxx.o  -o cmTryCompileExec3904522051 -rdynamic 
make[1]: Leaving directory `/home/sjeddou/devel/pyrene-state-observation/_build/CMakeFiles/CMakeTmp'

Source file was:
int main() { return 0;}
Performing C++ SOURCE FILE Test R-Wformat succeded with the following output:
Change Dir: /home/sjeddou/devel/pyrene-state-observation/_build/CMakeFiles/CMakeTmp

Run Build Command:/usr/bin/make "cmTryCompileExec2512968139/fast"
/usr/bin/make -f CMakeFiles/cmTryCompileExec2512968139.dir/build.make CMakeFiles/cmTryCompileExec2512968139.dir/build
make[1]: Entering directory `/home/sjeddou/devel/pyrene-state-observation/_build/CMakeFiles/CMakeTmp'
/usr/bin/cmake -E cmake_progress_report /home/sjeddou/devel/pyrene-state-observation/_build/CMakeFiles/CMakeTmp/CMakeFiles 1
Building CXX object CMakeFiles/cmTryCompileExec2512968139.dir/src.cxx.o
/usr/bin/c++    -DR-Wformat   -Wformat -o CMakeFiles/cmTryCompileExec2512968139.dir/src.cxx.o -c /home/sjeddou/devel/pyrene-state-observation/_build/CMakeFiles/CMakeTmp/src.cxx
<command-line>:0:2: warning: missing whitespace after the macro name [enabled by default]
Linking CXX executable cmTryCompileExec2512968139
/usr/bin/cmake -E cmake_link_script CMakeFiles/cmTryCompileExec2512968139.dir/link.txt --verbose=1
/usr/bin/c++    -DR-Wformat    CMakeFiles/cmTryCompileExec2512968139.dir/src.cxx.o  -o cmTryCompileExec2512968139 -rdynamic 
make[1]: Leaving directory `/home/sjeddou/devel/pyrene-state-observation/_build/CMakeFiles/CMakeTmp'

Source file was:
int main() { return 0;}
Performing C++ SOURCE FILE Test R-Wwrite-strings succeded with the following output:
Change Dir: /home/sjeddou/devel/pyrene-state-observation/_build/CMakeFiles/CMakeTmp

Run Build Command:/usr/bin/make "cmTryCompileExec603385433/fast"
/usr/bin/make -f CMakeFiles/cmTryCompileExec603385433.dir/build.make CMakeFiles/cmTryCompileExec603385433.dir/build
make[1]: Entering directory `/home/sjeddou/devel/pyrene-state-observation/_build/CMakeFiles/CMakeTmp'
/usr/bin/cmake -E cmake_progress_report /home/sjeddou/devel/pyrene-state-observation/_build/CMakeFiles/CMakeTmp/CMakeFiles 1
Building CXX object CMakeFiles/cmTryCompileExec603385433.dir/src.cxx.o
/usr/bin/c++    -DR-Wwrite-strings   -Wwrite-strings -o CMakeFiles/cmTryCompileExec603385433.dir/src.cxx.o -c /home/sjeddou/devel/pyrene-state-observation/_build/CMakeFiles/CMakeTmp/src.cxx
<command-line>:0:2: warning: missing whitespace after the macro name [enabled by default]
Linking CXX executable cmTryCompileExec603385433
/usr/bin/cmake -E cmake_link_script CMakeFiles/cmTryCompileExec603385433.dir/link.txt --verbose=1
/usr/bin/c++    -DR-Wwrite-strings    CMakeFiles/cmTryCompileExec603385433.dir/src.cxx.o  -o cmTryCompileExec603385433 -rdynamic 
make[1]: Leaving directory `/home/sjeddou/devel/pyrene-state-observation/_build/CMakeFiles/CMakeTmp'

Source file was:
int main() { return 0;}
Performing C++ SOURCE FILE Test R-Wconversion succeded with the following output:
Change Dir: /home/sjeddou/devel/pyrene-state-observation/_build/CMakeFiles/CMakeTmp

Run Build Command:/usr/bin/make "cmTryCompileExec2140370561/fast"
/usr/bin/make -f CMakeFiles/cmTryCompileExec2140370561.dir/build.make CMakeFiles/cmTryCompileExec2140370561.dir/build
make[1]: Entering directory `/home/sjeddou/devel/pyrene-state-observation/_build/CMakeFiles/CMakeTmp'
/usr/bin/cmake -E cmake_progress_report /home/sjeddou/devel/pyrene-state-observation/_build/CMakeFiles/CMakeTmp/CMakeFiles 1
Building CXX object CMakeFiles/cmTryCompileExec2140370561.dir/src.cxx.o
/usr/bin/c++    -DR-Wconversion   -Wconversion -o CMakeFiles/cmTryCompileExec2140370561.dir/src.cxx.o -c /home/sjeddou/devel/pyrene-state-observation/_build/CMakeFiles/CMakeTmp/src.cxx
<command-line>:0:2: warning: missing whitespace after the macro name [enabled by default]
Linking CXX executable cmTryCompileExec2140370561
/usr/bin/cmake -E cmake_link_script CMakeFiles/cmTryCompileExec2140370561.dir/link.txt --verbose=1
/usr/bin/c++    -DR-Wconversion    CMakeFiles/cmTryCompileExec2140370561.dir/src.cxx.o  -o cmTryCompileExec2140370561 -rdynamic 
make[1]: Leaving directory `/home/sjeddou/devel/pyrene-state-observation/_build/CMakeFiles/CMakeTmp'

Source file was:
int main() { return 0;}
