This file contains any messages produced by compilers while
running CMake, to aid debugging if configure makes a mistake.

It was created by pyrene-state-observation CMake configuration process 0.0-1-g051d-dirty, which was
generated by CMake 2.8.12.2.

## --------- ##
## Platform. ##
## --------- ##

hostname = iwatesan
system = Linux-3.13.0-119-generic
processor = x86_64
generator = Unix Makefiles

PATH /local/sjeddou/devel/install/bin
PATH /opt/openrobots/bin
PATH /opt/ros/indigo/bin
PATH /home/sjeddou/bin
PATH /usr/local/sbin
PATH /usr/local/bin
PATH /usr/sbin
PATH /usr/bin
PATH /sbin
PATH /bin
PATH /usr/games
PATH /usr/local/games

PKG_CONFIG_PATH /opt/openrobots/lib/pkgconfig
PKG_CONFIG_PATH /local/sjeddou/devel/install/share/pkgconfig
PKG_CONFIG_PATH /local/sjeddou/devel/install/lib/pkgconfig
PKG_CONFIG_PATH /local/sjeddou/devel/install/lib/x86_64-linux-gnu/pkgconfig
PKG_CONFIG_PATH /opt/ros/indigo/lib/pkgconfig
PKG_CONFIG_PATH /opt/ros/indigo/lib/x86_64-linux-gnu/pkgconfig

## ---------------- ##
## CMake variables. ##
## ---------------- ##

CMAKE_ROOT = /usr/share/cmake-2.8
CMAKE_INCLUDE_PATH = 
CMAKE_LIBRARY_PATH = 
CMAKE_PREFIX_PATH = 
CMAKE_INSTALL_ALWAYS = 
CMAKE_SKIP_RPATH = NO
CMAKE_SUPPRESS_REGENERATION = 
BUILD_SHARED_LIBS = 

CMAKE_INSTALL_PREFIX = /usr/local
PROJECT_SOURCE_DIR = /home/sjeddou/devel/pyrene-state-observation
PROJECT_SOURCE_DIR = /home/sjeddou/devel/pyrene-state-observation
PROJECT_BINARY_DIR = /home/sjeddou/devel/pyrene-state-observation/_build
CMAKE_BINARY_DIR = /home/sjeddou/devel/pyrene-state-observation/_build

CMAKE_AR = /usr/bin/ar
CMAKE_RANLIB = /usr/bin/ranlib
CMAKE_BUILD_TYPE = 
CMAKE_CONFIGURATION_TYPES = 
CMAKE_SHARED_LINKER_FLAGS =  

CMAKE_C_COMPILER = /usr/bin/cc
CMAKE_C_FLAGS = 
CMAKE_C_FLAGS_DEBUG = -g
CMAKE_C_FLAGS_RELEASE = -O3 -DNDEBUG
CMAKE_CXX_COMPILER = /usr/bin/c++
CMAKE_CXX_FLAGS =  -pedantic -Wno-long-long -Wall -Wextra -Wcast-align -Wcast-qual -Wformat -Wwrite-strings -Wconversion 
CMAKE_CXX_FLAGS_DEBUG = -g
CMAKE_CXX_FLAGS_RELEASE = -O3 -DNDEBUG
CMAKE_CXX_FLAGS_RELWITHDEBINFO = -O2 -g -DNDEBUG

CMAKE_STATIC_LIBRARY_PREFIX = lib
CMAKE_STATIC_LIBRARY_SUFFIX = .a
CMAKE_SHARED_LIBRARY_PREFIX = lib
CMAKE_SHARED_LIBRARY_SUFFIX = .so
CMAKE_SHARED_MODULE_PREFIX = lib
CMAKE_SHARED_MODULE_SUFFIX = .so

## ------------------ ##
## Watched variables. ##
## ------------------ ##

WARNING_CXX_FLAGS =  -pedantic -Wno-long-long -Wall -Wextra -Wcast-align -Wcast-qual -Wformat -Wwrite-strings -Wconversion
_PKG_CONFIG_FOUND = undefined
PKG_CONFIG_EXECUTABLE = /usr/bin/pkg-config
_PKG_CONFIG_PREFIX = /usr/local
_PKG_CONFIG_EXEC_PREFIX = /usr/local
_PKG_CONFIG_LIBDIR = /usr/local/lib
_PKG_CONFIG_BINDIR = /usr/local/bin
_PKG_CONFIG_PKGLIBDIR = /usr/local/lib/pyrene-state-observation
_PKG_CONFIG_INCLUDEDIR = /usr/local/include
_PKG_CONFIG_DATAROOTDIR = /usr/local/share
_PKG_CONFIG_PKGDATAROOTDIR = /usr/local/share
_PKG_CONFIG_DOCDIR = /usr/local/share/doc/pyrene-state-observation
_PKG_CONFIG_DOXYGENDOCDIR = /usr/local/share/doc/pyrene-state-observation/doxygen-html
_PKG_CONFIG_PROJECT_NAME = pyrene-state-observation
_PKG_CONFIG_DESCRIPTION = General implementation of observers.
_PKG_CONFIG_URL = 
_PKG_CONFIG_VERSION = 0.0-1-g051d-dirty
_PKG_CONFIG_REQUIRES = eigen3 >= 3.0.0, state-observation
_PKG_CONFIG_REQUIRES_DEBUG = 
_PKG_CONFIG_REQUIRES_OPTIMIZED = 
_PKG_CONFIG_CONFLICTS = 
_PKG_CONFIG_LIBS =  -lpyrene-state-observation
_PKG_CONFIG_LIBS_DEBUG = -L${libdir}
_PKG_CONFIG_LIBS_OPTIMIZED = -L${libdir}
_PKG_CONFIG_LIBS_PRIVATE = 
_PKG_CONFIG_CFLAGS = -I${includedir} -I/usr/include
_PKG_CONFIG_CFLAGS_DEBUG = 
_PKG_CONFIG_CFLAGS_OPTIMIZED = 
PKG_CONFIG_EXTRA = 
DOXYGEN_SKIP_DOT = undefined
DOXYGEN_EXECUTABLE = /usr/bin/doxygen
DOXYGEN_FOUND = YES
DOXYGEN_DOT_EXECUTABLE = /usr/bin/dot
DOXYGEN_DOT_FOUND = YES
DOXYGEN_DOT_PATH = /usr/bin
DOXYGEN_DOT_IMAGE_FORMAT = svg
DOXYGEN_USE_MATHJAX = NO
DOXYGEN_USE_TEMPLATE_CSS = YES
Boost_USE_MULTITHREADED = TRUE
Boost_USE_STATIC_LIBS = OFF
Boost_ADDITIONAL_VERSIONS = undefined
Boost_DEBUG = undefined
Boost_COMPILER = undefined
BOOST_ROOT = undefined
BOOSTROOT = undefined
BOOST_INCLUDEDIR = undefined
BOOST_LIBRARYDIR = undefined
Boost_FOUND = 1
Boost_INCLUDE_DIRS = /usr/include
Boost_INCLUDE_DIR = /usr/include
Boost_LIBRARIES = /usr/lib/x86_64-linux-gnu/libboost_filesystem.so;/usr/lib/x86_64-linux-gnu/libboost_system.so;/usr/lib/x86_64-linux-gnu/libboost_thread.so;/usr/lib/x86_64-linux-gnu/libboost_program_options.so;/usr/lib/x86_64-linux-gnu/libboost_unit_test_framework.so;/usr/lib/x86_64-linux-gnu/libpthread.so
Boost_LIBRARY_DIRS = /usr/lib/x86_64-linux-gnu
Boost_VERSION = 105400
Boost_LIB_VERSION = 1_54
Boost_MAJOR_VERSION = 1
Boost_MINOR_VERSION = 54
Boost_SUBMINOR_VERSION = 0
Boost_LIB_DIAGNOSTIC_DEFINITIONS = undefined
Boost_FILESYSTEM_FOUND = ON
Boost_FILESYSTEM_LIBRARY = /usr/lib/x86_64-linux-gnu/libboost_filesystem.so
Boost_FILESYSTEM_LIBRARY_DEBUG = /usr/lib/x86_64-linux-gnu/libboost_filesystem.so
Boost_FILESYSTEM_LIBRARY_RELEASE = /usr/lib/x86_64-linux-gnu/libboost_filesystem.so
Boost_SYSTEM_FOUND = ON
Boost_SYSTEM_LIBRARY = /usr/lib/x86_64-linux-gnu/libboost_system.so
Boost_SYSTEM_LIBRARY_DEBUG = /usr/lib/x86_64-linux-gnu/libboost_system.so
Boost_SYSTEM_LIBRARY_RELEASE = /usr/lib/x86_64-linux-gnu/libboost_system.so
Boost_THREAD_FOUND = ON
Boost_THREAD_LIBRARY = /usr/lib/x86_64-linux-gnu/libboost_thread.so
Boost_THREAD_LIBRARY_DEBUG = /usr/lib/x86_64-linux-gnu/libboost_thread.so
Boost_THREAD_LIBRARY_RELEASE = /usr/lib/x86_64-linux-gnu/libboost_thread.so
Boost_PROGRAM_OPTIONS_FOUND = ON
Boost_PROGRAM_OPTIONS_LIBRARY = /usr/lib/x86_64-linux-gnu/libboost_program_options.so
Boost_PROGRAM_OPTIONS_LIBRARY_DEBUG = /usr/lib/x86_64-linux-gnu/libboost_program_options.so
Boost_PROGRAM_OPTIONS_LIBRARY_RELEASE = /usr/lib/x86_64-linux-gnu/libboost_program_options.so
Boost_UNIT_TEST_FRAMEWORK_FOUND = ON
Boost_UNIT_TEST_FRAMEWORK_LIBRARY = /usr/lib/x86_64-linux-gnu/libboost_unit_test_framework.so
Boost_UNIT_TEST_FRAMEWORK_LIBRARY_DEBUG = /usr/lib/x86_64-linux-gnu/libboost_unit_test_framework.so
Boost_UNIT_TEST_FRAMEWORK_LIBRARY_RELEASE = /usr/lib/x86_64-linux-gnu/libboost_unit_test_framework.so
STATE_OBSERVATION_FOUND = 1
STATE_OBSERVATION_LIBRARIES = state-observation
STATE_OBSERVATION_LIBRARY_DIRS = /opt/openrobots/lib
STATE_OBSERVATION_LDFLAGS = -L/opt/openrobots/lib;-lstate-observation
STATE_OBSERVATION_LDFLAGS_OTHER = 
STATE_OBSERVATION_INCLUDE_DIRS = /opt/openrobots/include;/usr/include/eigen3
STATE_OBSERVATION_CFLAGS = -I/opt/openrobots/include;-I/usr/include/eigen3
STATE_OBSERVATION_CFLAGS_OTHER = 
STATE_OBSERVATION = undefined
STATE_OBSERVATION_STATIC = undefined
STATE_OBSERVATION_VERSION = UNKNOWN-dirty
STATE_OBSERVATION_PREFIX = /opt/openrobots
STATE_OBSERVATION_INCLUDEDIR = /opt/openrobots/include
STATE_OBSERVATION_LIBDIR = /opt/openrobots/lib
STATE_OBSERVATION_PKGLIBDIR = /opt/openrobots/lib/state-observation
STATE_OBSERVATION_BINDIR = /opt/openrobots/bin
STATE_OBSERVATION_DATAROOTDIR = /opt/openrobots/share
STATE_OBSERVATION_PKGDATAROOTDIR = /opt/openrobots/share
STATE_OBSERVATION_DOCDIR = /opt/openrobots/share/doc/state-observation
STATE_OBSERVATION_DOXYGENDOCDIR = /opt/openrobots/share/doc/state-observation/doxygen-html
## ---------------- ##
## Watched targets. ##
## ---------------- ##

